2024-12-05 23:05:45.625  INFO 26256 --- [main] (system) c.example.MyProjectBackendApplication    : Starting MyProjectBackendApplication using Java 17.0.8.1 with PID 26256 (E:\xzn-monitor\xzn-monitor\xzn-monitor-server\target\classes started by Nruonan in E:\xzn-monitor\xzn-monitor)
2024-12-05 23:05:45.627  INFO 26256 --- [main] (system) c.example.MyProjectBackendApplication    : The following 1 profile is active: "dev"
2024-12-05 23:05:46.905  INFO 26256 --- [main] (system) .s.d.r.c.RepositoryConfigurationDelegate : Multiple Spring Data modules found, entering strict repository configuration mode
2024-12-05 23:05:46.909  INFO 26256 --- [main] (system) .s.d.r.c.RepositoryConfigurationDelegate : Bootstrapping Spring Data Redis repositories in DEFAULT mode.
2024-12-05 23:05:46.940  INFO 26256 --- [main] (system) .s.d.r.c.RepositoryConfigurationDelegate : Finished Spring Data repository scanning in 13 ms. Found 0 Redis repository interfaces.
2024-12-05 23:05:47.787  INFO 26256 --- [main] (system) o.s.b.w.embedded.tomcat.TomcatWebServer  : Tomcat initialized with port(s): 8080 (http)
2024-12-05 23:05:47.789  INFO 26256 --- [main] (system) o.a.catalina.core.AprLifecycleListener   : Loaded Apache Tomcat Native library [2.0.4] using APR version [1.7.4].
2024-12-05 23:05:47.811  INFO 26256 --- [main] (system) o.a.catalina.core.AprLifecycleListener   : OpenSSL successfully initialized [OpenSSL 3.0.9 30 May 2023]
2024-12-05 23:05:47.825  INFO 26256 --- [main] (system) o.apache.catalina.core.StandardService   : Starting service [Tomcat]
2024-12-05 23:05:47.826  INFO 26256 --- [main] (system) o.apache.catalina.core.StandardEngine    : Starting Servlet engine: [Apache Tomcat/10.1.11]
2024-12-05 23:05:47.960  INFO 26256 --- [main] (system) o.a.c.c.C.[Tomcat].[localhost].[/]       : Initializing Spring embedded WebApplicationContext
2024-12-05 23:05:47.961  INFO 26256 --- [main] (system) w.s.c.ServletWebServerApplicationContext : Root WebApplicationContext: initialization completed in 2279 ms
2024-12-05 23:05:48.607  WARN 26256 --- [main] (system) ConfigServletWebServerApplicationContext : Exception encountered during context initialization - cancelling refresh attempt: org.springframework.beans.factory.BeanCreationException: Error creating bean with name 'securityConfiguration': Injection of resource dependencies failed
2024-12-05 23:05:48.630  INFO 26256 --- [main] (system) o.apache.catalina.core.StandardService   : Stopping service [Tomcat]
2024-12-05 23:05:48.648  INFO 26256 --- [main] (system) .s.b.a.l.ConditionEvaluationReportLogger : 

Error starting ApplicationContext. To display the condition evaluation report re-run your application with 'debug' enabled.
2024-12-05 23:05:48.662 ERROR 26256 --- [main] (system) o.s.b.d.LoggingFailureAnalysisReporter   : 

***************************
APPLICATION FAILED TO START
***************************

Description:

Failed to configure a DataSource: 'url' attribute is not specified and no embedded datasource could be configured.

Reason: Failed to determine a suitable driver class


Action:

Consider the following:
	If you want an embedded database (H2, HSQL or Derby), please put it on the classpath.
	If you have database settings to be loaded from a particular profile you may need to activate it (the profiles dev are currently active).

2024-12-05 23:06:53.017  INFO 29392 --- [main] (system) c.example.MyProjectBackendApplication    : Starting MyProjectBackendApplication using Java 17.0.8.1 with PID 29392 (E:\xzn-monitor\xzn-monitor\xzn-monitor-server\target\classes started by Nruonan in E:\xzn-monitor\xzn-monitor)
2024-12-05 23:06:53.019  INFO 29392 --- [main] (system) c.example.MyProjectBackendApplication    : The following 1 profile is active: "dev"
2024-12-05 23:06:53.757  INFO 29392 --- [main] (system) .s.d.r.c.RepositoryConfigurationDelegate : Multiple Spring Data modules found, entering strict repository configuration mode
2024-12-05 23:06:53.759  INFO 29392 --- [main] (system) .s.d.r.c.RepositoryConfigurationDelegate : Bootstrapping Spring Data Redis repositories in DEFAULT mode.
2024-12-05 23:06:53.785  INFO 29392 --- [main] (system) .s.d.r.c.RepositoryConfigurationDelegate : Finished Spring Data repository scanning in 11 ms. Found 0 Redis repository interfaces.
2024-12-05 23:06:54.397  INFO 29392 --- [main] (system) o.s.b.w.embedded.tomcat.TomcatWebServer  : Tomcat initialized with port(s): 8081 (http)
2024-12-05 23:06:54.398  INFO 29392 --- [main] (system) o.a.catalina.core.AprLifecycleListener   : Loaded Apache Tomcat Native library [2.0.4] using APR version [1.7.4].
2024-12-05 23:06:54.407  INFO 29392 --- [main] (system) o.a.catalina.core.AprLifecycleListener   : OpenSSL successfully initialized [OpenSSL 3.0.9 30 May 2023]
2024-12-05 23:06:54.416  INFO 29392 --- [main] (system) o.apache.catalina.core.StandardService   : Starting service [Tomcat]
2024-12-05 23:06:54.417  INFO 29392 --- [main] (system) o.apache.catalina.core.StandardEngine    : Starting Servlet engine: [Apache Tomcat/10.1.11]
2024-12-05 23:06:54.509  INFO 29392 --- [main] (system) o.a.c.c.C.[Tomcat].[localhost].[/]       : Initializing Spring embedded WebApplicationContext
2024-12-05 23:06:54.509  INFO 29392 --- [main] (system) w.s.c.ServletWebServerApplicationContext : Root WebApplicationContext: initialization completed in 1451 ms
2024-12-05 23:06:55.622  INFO 29392 --- [main] (system) o.s.s.web.DefaultSecurityFilterChain     : Will secure any request with [org.springframework.security.web.session.DisableEncodeUrlFilter@7aab98b6, org.springframework.security.web.context.request.async.WebAsyncManagerIntegrationFilter@5e3405a1, org.springframework.security.web.context.SecurityContextHolderFilter@2b0d85bd, org.springframework.security.web.header.HeaderWriterFilter@22f046b, org.springframework.security.web.authentication.logout.LogoutFilter@65930e02, com.example.filter.JwtAuthenticationFilter@29c1249a, com.example.filter.RequestLogFilter@3c3e363, org.springframework.security.web.authentication.UsernamePasswordAuthenticationFilter@48c3a0ef, org.springframework.security.web.savedrequest.RequestCacheAwareFilter@1fd0ae78, org.springframework.security.web.servletapi.SecurityContextHolderAwareRequestFilter@637d111d, org.springframework.security.web.authentication.AnonymousAuthenticationFilter@22bfd4b, org.springframework.security.web.session.SessionManagementFilter@20723ee, org.springframework.security.web.access.ExceptionTranslationFilter@3ca3eba2, org.springframework.security.web.access.intercept.AuthorizationFilter@391e85df]
2024-12-05 23:06:55.908  WARN 29392 --- [main] (system) ocalVariableTableParameterNameDiscoverer : Using deprecated '-debug' fallback for parameter name resolution. Compile the affected code with '-parameters' instead or avoid its introspection: org.springframework.amqp.rabbit.core.RabbitAdmin
2024-12-05 23:06:55.959  INFO 29392 --- [main] (system) o.s.b.w.embedded.tomcat.TomcatWebServer  : Tomcat started on port(s): 8081 (http) with context path ''
2024-12-05 23:06:55.963  INFO 29392 --- [main] (system) o.s.a.r.c.CachingConnectionFactory       : Attempting to connect to: [129.204.155.72:5672]
2024-12-05 23:06:56.065  INFO 29392 --- [main] (system) o.s.a.r.c.CachingConnectionFactory       : Created new connection: rabbitConnectionFactory#7b598d05:0/SimpleConnection@24563809 [delegate=amqp://xzn@129.204.155.72:5672/, localPort=13277]
2024-12-05 23:06:56.203  INFO 29392 --- [main] (system) c.example.MyProjectBackendApplication    : Started MyProjectBackendApplication in 3.651 seconds (process running for 4.301)
2024-12-05 23:07:20.961  INFO 29392 --- [org.springframework.amqp.rabbit.RabbitListenerEndpointContainer#0-2] (system) o.s.a.r.l.SimpleMessageListenerContainer : Waiting for workers to finish.
2024-12-05 23:07:21.229  INFO 29392 --- [org.springframework.amqp.rabbit.RabbitListenerEndpointContainer#0-2] (system) o.s.a.r.l.SimpleMessageListenerContainer : Successfully waited for workers to finish.
